13:01:10.397 INFO  connecting to mongodb://test:test123@ds231719.mlab.com:31719/x2 
13:01:10.922 INFO  connected to mongodb://test:test123@ds231719.mlab.com:31719/x2 
13:01:10.922 INFO  dropping database mongodb://test:test123@ds231719.mlab.com:31719/x2 
13:01:11.448 INFO  walking folder d:/github/outlook/ 
13:01:11.448 INFO  processing kenneth_lay_000_1_1_1_1.pst
 
13:01:18.841 INFO  kenneth_lay_000_1_1_1_1.pst: processing complete,  1671 docs, 7393 ms (~ 7 sec), ~ 4 ms per doc 
13:01:18.841 INFO  inserting 1671 documents 
13:01:18.900 INFO  kenneth_lay_000_1_1_1_1.pst: insertion complete,  1671 docs, 59 ms (~ 0 sec), ~ 0 ms per doc 
13:01:18.900 INFO  processing kenneth_lay_000_1_2_1.pst
 
13:01:33.455 INFO  kenneth_lay_000_1_2_1.pst: processing complete,  1900 docs, 14555 ms (~ 14 sec), ~ 7 ms per doc 
13:01:33.455 INFO  inserting 1900 documents 
13:01:33.464 INFO  kenneth_lay_000_1_2_1.pst: insertion complete,  1900 docs, 9 ms (~ 0 sec), ~ 0 ms per doc 
13:01:33.464 WARN  possible: nlay@worldnet.att.net 
13:01:33.464 WARN  possible: sherrie@layfam.com 
13:01:33.464 WARN  possible: elizabeth lay 
13:01:33.464 WARN  possible: natalie lay 
13:01:33.464 WARN  possible: nlay@att.net 
13:01:33.464 WARN  possible: forrester-trial@relay.forrester.com 
13:01:33.464 WARN  possible: mark lay 
13:01:33.464 WARN  possible: lay  sharon 
13:01:33.464 WARN  possible: linda p. lay 
13:01:33.464 WARN  possible: mark k. lay 
13:01:33.464 WARN  possible: sharon lay 
13:01:33.464 WARN  possible: sharon.lay@travelpark.com 
13:01:33.464 WARN  possible: ellen fowler 
13:01:33.464 WARN  possible: lisa_clifford@i2.com 
13:01:33.464 WARN  possible: mark.lay@enron.com 
13:01:33.464 WARN  possible: natalie@layfamily.com 
13:01:33.464 WARN  possible: mlay@enron.com 
13:01:33.464 WARN  possible: loyal lay 
13:01:33.464 WARN  possible: whalley  greg 
13:01:33.464 WARN  possible: robyn vermeil robyn@layfam.com@enron 
13:01:33.464 WARN  possible: imceanotes-+22robyn+20vermeil+22+20+3crobyn+40layfam+2ecom+3e+40enron@enron.com 
13:01:33.464 WARN  possible: dlaycock@mail.utexas.edu 
13:01:33.464 WARN  possible: linda lay 
13:01:33.464 WARN  possible: mark.lay@solutioncompany.com@enron 
13:01:33.464 WARN  possible: imceanotes-mark+2elay+40solutioncompany+2ecom+40enron@enron.com 
13:01:33.464 WARN  possible: preston moore 
13:01:33.464 WARN  possible: seigle  clayton 
13:01:33.464 WARN  possible: clayton.seigle@enron.com 
13:01:33.464 WARN  possible: linda p. lay mrslinda@lplpi.com@enron 
13:01:33.464 WARN  possible: imceanotes-+22linda+20p+2e+20lay+22+20+3cmrslinda+40lplpi+2ecom+3e+40enron@enron.com 
13:01:33.464 WARN  possible: robyn lay vermeil (e-mail) 
13:01:33.464 WARN  possible: ken lay- chairman of the board@enron imceanotes-ken+20lay-+20chairman+20of+20the+20board+40enron@enron.com@smtp@euenronxgate 
13:01:33.464 WARN  possible: ellen.howell@aa.com 
13:01:33.464 WARN  possible: beau herrold beau@layfam.com@enron 
13:01:33.464 WARN  possible: imceanotes-+22beau+20herrold+22+20+3cbeau+40layfam+2ecom+3e+40enron@enron.com 
13:01:33.464 WARN  possible: lay  linda 
13:01:33.464 WARN  possible: johannaboyles@aol.com 
13:01:33.464 WARN  possible: vernon  clayton clayton.vernon@enron.com@enron 
13:01:33.464 WARN  possible: imceanotes-+22vernon+2c+20clayton+22+20+3cclayton+2evernon+40enron+2ecom+3e+40enron@enron.com 
13:01:33.464 WARN  possible: kllay@enron.com 
13:01:33.464 WARN  possible: mbx_klayofficechair@enron.com 
13:01:33.464 WARN  possible: vittor  elizabeth lay 
13:01:33.464 WARN  possible: mark lay mark.lay@solutioncompany.com@enron 
13:01:33.464 WARN  possible: imceanotes-+22mark+20lay+22+20+3cmark+2elay+40solutioncompany+2ecom+3e+40enron@enron.com 
13:01:33.464 WARN  possible: elizabeth lay-vittor 
13:01:33.464 WARN  possible: holly korman holly@layfam.com@enron 
13:01:33.464 WARN  possible: imceanotes-+22holly+20korman+22+20+3cholly+40layfam+2ecom+3e+40enron@enron.com 
13:01:33.464 WARN  possible: clay farmer newsletter schedule@clayfarmer.com@enron 
13:01:33.464 WARN  possible: imceanotes-+22clay+20farmer+20newsletter+22+20+3cschedule+40clayfarmer+2ecom+3e+40enron@enron.com 
13:01:33.464 WARN  possible: clay farmer information 
13:01:33.464 WARN  possible: elizabeth lay vittor (e-mail) 
13:01:33.464 WARN  possible: mark k. lay (e-mail) 
13:01:33.464 WARN  possible: claynewton@yahoo.com claynewton@yahoo.com@enron 
13:01:33.464 WARN  possible: imceanotes-+22claynewton+40yahoo+2ecom+22+20+3cclaynewton+40yahoo+2ecom+3e+40enron@enron.com 
13:01:33.464 WARN  possible: chrystallynnboyle@hotmail.com chrystallynnboyle@hotmail.com@enron 
13:01:33.464 WARN  possible: imceanotes-+22chrystallynnboyle+40hotmail+2ecom+22+20+3cchrystallynnboyle+40hotmail+2ecom+3e+40enron@enron.com 
13:01:33.464 WARN  possible: rmellen@san.rr.com rmellen@san.rr.com@enron 
13:01:33.464 WARN  possible: imceanotes-+22rmellen+40san+2err+2ecom+22+20+3crmellen+40san+2err+2ecom+3e+40enron@enron.com 
13:01:33.464 WARN  possible: wylaya@cs.com wylaya@cs.com@enron 
13:01:33.464 WARN  possible: imceanotes-+22wylaya+40cs+2ecom+22+20+3cwylaya+40cs+2ecom+3e+40enron@enron.com 
13:01:33.464 WARN  possible: twinflayms@yahoo.com twinflayms@yahoo.com@enron 
13:01:33.464 WARN  possible: imceanotes-+22twinflayms+40yahoo+2ecom+22+20+3ctwinflayms+40yahoo+2ecom+3e+40enron@enron.com 
13:01:33.464 WARN  possible: twinflayms@yahoo.com 
13:01:33.464 WARN  possible: claytor@purdue.edu claytor@purdue.edu@enron 
13:01:33.464 WARN  possible: imceanotes-+22claytor+40purdue+2eedu+22+20+3cclaytor+40purdue+2eedu+3e+40enron@enron.com 
13:01:33.464 WARN  possible: bennettw@mindspring.com bennettw@mindspring.com@enron 
13:01:33.464 WARN  possible: imceanotes-+22bennettw+40mindspring+2ecom+22+20+3cbennettw+40mindspring+2ecom+3e+40enron@enron.com 
13:01:33.464 WARN  possible: beau@layfam.com 
13:01:33.464 WARN  possible: elizabeth lay/enron_development at enron_development@ccmail 
13:01:33.464 WARN  possible: jlaywp@aol.com at enron_development@ccmail 
13:01:33.464 WARN  possible: jlaywp@aol.com 
13:01:33.464 INFO  processing stats 
13:01:33.464 INFO  processStatsContacts: 23 contacts 
13:01:33.466 INFO  processStatsEmailSentMap: 399 records 
13:01:33.472 INFO  processStatsWordCloudMap: 146 terms 
13:01:33.474 INFO  creating indexes 
13:01:36.503 INFO  3571 emails processed 
